<?xml version="1.0" encoding="UTF-8"?>
<!-- Generated by org.testng.reporters.JUnitReportReporter -->
<testsuite skipped="0" hostname="DESKTOP-8DAP2QS" name="com.crm.vtiger.leads.Leads" tests="2" failures="0" timestamp="30 Nov 2021 09:14:33 GMT" time="92.624" errors="0">
  <testcase name="tc_01" time="43.679" classname="com.crm.vtiger.leads.Leads"/>
  <testcase name="tc_02" time="48.945" classname="com.crm.vtiger.leads.Leads"/>
</testsuite> <!-- com.crm.vtiger.leads.Leads -->
