<?xml version="1.0" encoding="UTF-8"?>
<!-- Generated by org.testng.reporters.JUnitReportReporter -->
<testsuite skipped="0" hostname="DESKTOP-8DAP2QS" name="com.crm.vtiger.MockJson" tests="1" failures="0" timestamp="20 Nov 2021 05:53:53 GMT" time="0.106" errors="0">
  <testcase name="readData" time="0.106" classname="com.crm.vtiger.MockJson"/>
</testsuite> <!-- com.crm.vtiger.MockJson -->
