<?xml version="1.0" encoding="UTF-8"?>
<!-- Generated by org.testng.reporters.JUnitReportReporter -->
<testsuite skipped="0" hostname="DESKTOP-8DAP2QS" name="com.crm.vtiger.dataProvider.DataProviderDemoTest" tests="5" failures="0" timestamp="26 Nov 2021 06:26:00 GMT" time="0.045" errors="0">
  <testcase name="ticketBooking" time="0.006" classname="com.crm.vtiger.dataProvider.DataProviderDemoTest"/>
  <testcase name="ticketBooking" time="0.004" classname="com.crm.vtiger.dataProvider.DataProviderDemoTest"/>
  <testcase name="ticketBooking" time="0.006" classname="com.crm.vtiger.dataProvider.DataProviderDemoTest"/>
  <testcase name="ticketBooking" time="0.008" classname="com.crm.vtiger.dataProvider.DataProviderDemoTest"/>
  <testcase name="ticketBooking" time="0.021" classname="com.crm.vtiger.dataProvider.DataProviderDemoTest"/>
</testsuite> <!-- com.crm.vtiger.dataProvider.DataProviderDemoTest -->
