<?xml version="1.0" encoding="UTF-8"?>
<!-- Generated by org.testng.reporters.JUnitReportReporter -->
<testsuite skipped="0" hostname="DESKTOP-8DAP2QS" name="com.crm.vtiger.Login" tests="1" failures="0" timestamp="19 Nov 2021 11:21:10 GMT" time="73.501" errors="0">
  <testcase name="readLoginDetailFromProperty" time="73.501" classname="com.crm.vtiger.Login"/>
</testsuite> <!-- com.crm.vtiger.Login -->
