<?xml version="1.0" encoding="UTF-8"?>
<!-- Generated by org.testng.reporters.JUnitReportReporter -->
<testsuite skipped="0" hostname="DESKTOP-8DAP2QS" name="com.crm.vtiger.leads.LeadsTest" tests="1" failures="0" timestamp="02 Dec 2021 09:37:17 GMT" time="34.137" errors="0">
  <testcase name="tc_01" time="34.137" classname="com.crm.vtiger.leads.LeadsTest"/>
</testsuite> <!-- com.crm.vtiger.leads.LeadsTest -->
