<?xml version="1.0" encoding="UTF-8"?>
<!-- Generated by org.testng.reporters.JUnitReportReporter -->
<testsuite skipped="0" hostname="DESKTOP-8DAP2QS" name="com.crm.vtiger.LoginUsingJsonUtility" tests="1" failures="0" timestamp="19 Nov 2021 11:40:57 GMT" time="56.083" errors="0">
  <testcase name="loginUsingJson" time="56.083" classname="com.crm.vtiger.LoginUsingJsonUtility"/>
</testsuite> <!-- com.crm.vtiger.LoginUsingJsonUtility -->
