<?xml version="1.0" encoding="UTF-8"?>
<!-- Generated by org.testng.reporters.JUnitReportReporter -->
<testsuite skipped="0" hostname="DESKTOP-8DAP2QS" name="com.crm.vtiger.genericJavaUtilities.JavaUtilities" tests="1" failures="0" timestamp="24 Nov 2021 07:03:20 GMT" time="0.053" errors="0">
  <testcase name="getSystemDate" time="0.053" classname="com.crm.vtiger.genericJavaUtilities.JavaUtilities"/>
</testsuite> <!-- com.crm.vtiger.genericJavaUtilities.JavaUtilities -->
