<?xml version="1.0" encoding="UTF-8"?>
<!-- Generated by org.testng.reporters.JUnitReportReporter -->
<testsuite skipped="0" hostname="DESKTOP-8DAP2QS" name="com.crm.vtiger.MockJdbc" tests="1" failures="0" timestamp="20 Nov 2021 06:18:18 GMT" time="1.203" errors="0">
  <testcase name="jdbc" time="1.203" classname="com.crm.vtiger.MockJdbc"/>
</testsuite> <!-- com.crm.vtiger.MockJdbc -->
