<?xml version="1.0" encoding="UTF-8"?>
<!-- Generated by org.testng.reporters.JUnitReportReporter -->
<testsuite skipped="0" hostname="DESKTOP-8DAP2QS" name="com.crm.vtiger.FetchDataFromDb" tests="1" failures="0" timestamp="23 Nov 2021 11:09:12 GMT" time="0.117" errors="0">
  <testcase name="execute" time="0.117" classname="com.crm.vtiger.FetchDataFromDb"/>
</testsuite> <!-- com.crm.vtiger.FetchDataFromDb -->
